

Processing EventsController#index (for 76.104.24.98 at 2009-08-20 05:13:45) [GET]

ActiveRecord::StatementInvalid (Could not find table 'events'):
  /usr/lib/ruby/gems/1.8/gems/mislav-will_paginate-2.3.11/lib/will_paginate/finder.rb:82:in `send'
  /usr/lib/ruby/gems/1.8/gems/mislav-will_paginate-2.3.11/lib/will_paginate/finder.rb:82:in `paginate'
  /usr/lib/ruby/gems/1.8/gems/mislav-will_paginate-2.3.11/lib/will_paginate/collection.rb:87:in `create'
  /usr/lib/ruby/gems/1.8/gems/mislav-will_paginate-2.3.11/lib/will_paginate/finder.rb:76:in `paginate'
  app/controllers/events_controller.rb:4:in `index'
  passenger (2.2.4) lib/phusion_passenger/rack/request_handler.rb:91:in `process_request'
  passenger (2.2.4) lib/phusion_passenger/abstract_request_handler.rb:206:in `main_loop'
  passenger (2.2.4) lib/phusion_passenger/railz/application_spawner.rb:376:in `start_request_handler'
  passenger (2.2.4) lib/phusion_passenger/railz/application_spawner.rb:334:in `handle_spawn_application'
  passenger (2.2.4) lib/phusion_passenger/utils.rb:182:in `safe_fork'
  passenger (2.2.4) lib/phusion_passenger/railz/application_spawner.rb:332:in `handle_spawn_application'
  passenger (2.2.4) lib/phusion_passenger/abstract_server.rb:351:in `__send__'
  passenger (2.2.4) lib/phusion_passenger/abstract_server.rb:351:in `main_loop'
  passenger (2.2.4) lib/phusion_passenger/abstract_server.rb:195:in `start_synchronously'
  passenger (2.2.4) lib/phusion_passenger/abstract_server.rb:162:in `start'
  passenger (2.2.4) lib/phusion_passenger/railz/application_spawner.rb:213:in `start'
  passenger (2.2.4) lib/phusion_passenger/spawn_manager.rb:261:in `spawn_rails_application'
  passenger (2.2.4) lib/phusion_passenger/abstract_server_collection.rb:126:in `lookup_or_add'
  passenger (2.2.4) lib/phusion_passenger/spawn_manager.rb:255:in `spawn_rails_application'
  passenger (2.2.4) lib/phusion_passenger/abstract_server_collection.rb:80:in `synchronize'
  passenger (2.2.4) lib/phusion_passenger/abstract_server_collection.rb:79:in `synchronize'
  passenger (2.2.4) lib/phusion_passenger/spawn_manager.rb:254:in `spawn_rails_application'
  passenger (2.2.4) lib/phusion_passenger/spawn_manager.rb:153:in `spawn_application'
  passenger (2.2.4) lib/phusion_passenger/spawn_manager.rb:286:in `handle_spawn_application'
  passenger (2.2.4) lib/phusion_passenger/abstract_server.rb:351:in `__send__'
  passenger (2.2.4) lib/phusion_passenger/abstract_server.rb:351:in `main_loop'
  passenger (2.2.4) lib/phusion_passenger/abstract_server.rb:195:in `start_synchronously'

Rendering /home/john/public_html/frids-backend-webapp/public/500.html (500 Internal Server Error)


Processing EventsController#index (for 76.104.24.98 at 2009-08-20 05:14:12) [GET]

ActiveRecord::StatementInvalid (Could not find table 'events'):
  /usr/lib/ruby/gems/1.8/gems/mislav-will_paginate-2.3.11/lib/will_paginate/finder.rb:82:in `send'
  /usr/lib/ruby/gems/1.8/gems/mislav-will_paginate-2.3.11/lib/will_paginate/finder.rb:82:in `paginate'
  /usr/lib/ruby/gems/1.8/gems/mislav-will_paginate-2.3.11/lib/will_paginate/collection.rb:87:in `create'
  /usr/lib/ruby/gems/1.8/gems/mislav-will_paginate-2.3.11/lib/will_paginate/finder.rb:76:in `paginate'
  app/controllers/events_controller.rb:4:in `index'
  passenger (2.2.4) lib/phusion_passenger/rack/request_handler.rb:91:in `process_request'
  passenger (2.2.4) lib/phusion_passenger/abstract_request_handler.rb:206:in `main_loop'
  passenger (2.2.4) lib/phusion_passenger/railz/application_spawner.rb:376:in `start_request_handler'
  passenger (2.2.4) lib/phusion_passenger/railz/application_spawner.rb:334:in `handle_spawn_application'
  passenger (2.2.4) lib/phusion_passenger/utils.rb:182:in `safe_fork'
  passenger (2.2.4) lib/phusion_passenger/railz/application_spawner.rb:332:in `handle_spawn_application'
  passenger (2.2.4) lib/phusion_passenger/abstract_server.rb:351:in `__send__'
  passenger (2.2.4) lib/phusion_passenger/abstract_server.rb:351:in `main_loop'
  passenger (2.2.4) lib/phusion_passenger/abstract_server.rb:195:in `start_synchronously'
  passenger (2.2.4) lib/phusion_passenger/abstract_server.rb:162:in `start'
  passenger (2.2.4) lib/phusion_passenger/railz/application_spawner.rb:213:in `start'
  passenger (2.2.4) lib/phusion_passenger/spawn_manager.rb:261:in `spawn_rails_application'
  passenger (2.2.4) lib/phusion_passenger/abstract_server_collection.rb:126:in `lookup_or_add'
  passenger (2.2.4) lib/phusion_passenger/spawn_manager.rb:255:in `spawn_rails_application'
  passenger (2.2.4) lib/phusion_passenger/abstract_server_collection.rb:80:in `synchronize'
  passenger (2.2.4) lib/phusion_passenger/abstract_server_collection.rb:79:in `synchronize'
  passenger (2.2.4) lib/phusion_passenger/spawn_manager.rb:254:in `spawn_rails_application'
  passenger (2.2.4) lib/phusion_passenger/spawn_manager.rb:153:in `spawn_application'
  passenger (2.2.4) lib/phusion_passenger/spawn_manager.rb:286:in `handle_spawn_application'
  passenger (2.2.4) lib/phusion_passenger/abstract_server.rb:351:in `__send__'
  passenger (2.2.4) lib/phusion_passenger/abstract_server.rb:351:in `main_loop'
  passenger (2.2.4) lib/phusion_passenger/abstract_server.rb:195:in `start_synchronously'

Rendering /home/john/public_html/frids-backend-webapp/public/500.html (500 Internal Server Error)


Processing EventsController#index (for 76.104.24.98 at 2009-08-20 05:14:13) [GET]

ActiveRecord::StatementInvalid (Could not find table 'events'):
  /usr/lib/ruby/gems/1.8/gems/mislav-will_paginate-2.3.11/lib/will_paginate/finder.rb:82:in `send'
  /usr/lib/ruby/gems/1.8/gems/mislav-will_paginate-2.3.11/lib/will_paginate/finder.rb:82:in `paginate'
  /usr/lib/ruby/gems/1.8/gems/mislav-will_paginate-2.3.11/lib/will_paginate/collection.rb:87:in `create'
  /usr/lib/ruby/gems/1.8/gems/mislav-will_paginate-2.3.11/lib/will_paginate/finder.rb:76:in `paginate'
  app/controllers/events_controller.rb:4:in `index'
  passenger (2.2.4) lib/phusion_passenger/rack/request_handler.rb:91:in `process_request'
  passenger (2.2.4) lib/phusion_passenger/abstract_request_handler.rb:206:in `main_loop'
  passenger (2.2.4) lib/phusion_passenger/railz/application_spawner.rb:376:in `start_request_handler'
  passenger (2.2.4) lib/phusion_passenger/railz/application_spawner.rb:334:in `handle_spawn_application'
  passenger (2.2.4) lib/phusion_passenger/utils.rb:182:in `safe_fork'
  passenger (2.2.4) lib/phusion_passenger/railz/application_spawner.rb:332:in `handle_spawn_application'
  passenger (2.2.4) lib/phusion_passenger/abstract_server.rb:351:in `__send__'
  passenger (2.2.4) lib/phusion_passenger/abstract_server.rb:351:in `main_loop'
  passenger (2.2.4) lib/phusion_passenger/abstract_server.rb:195:in `start_synchronously'
  passenger (2.2.4) lib/phusion_passenger/abstract_server.rb:162:in `start'
  passenger (2.2.4) lib/phusion_passenger/railz/application_spawner.rb:213:in `start'
  passenger (2.2.4) lib/phusion_passenger/spawn_manager.rb:261:in `spawn_rails_application'
  passenger (2.2.4) lib/phusion_passenger/abstract_server_collection.rb:126:in `lookup_or_add'
  passenger (2.2.4) lib/phusion_passenger/spawn_manager.rb:255:in `spawn_rails_application'
  passenger (2.2.4) lib/phusion_passenger/abstract_server_collection.rb:80:in `synchronize'
  passenger (2.2.4) lib/phusion_passenger/abstract_server_collection.rb:79:in `synchronize'
  passenger (2.2.4) lib/phusion_passenger/spawn_manager.rb:254:in `spawn_rails_application'
  passenger (2.2.4) lib/phusion_passenger/spawn_manager.rb:153:in `spawn_application'
  passenger (2.2.4) lib/phusion_passenger/spawn_manager.rb:286:in `handle_spawn_application'
  passenger (2.2.4) lib/phusion_passenger/abstract_server.rb:351:in `__send__'
  passenger (2.2.4) lib/phusion_passenger/abstract_server.rb:351:in `main_loop'
  passenger (2.2.4) lib/phusion_passenger/abstract_server.rb:195:in `start_synchronously'

Rendering /home/john/public_html/frids-backend-webapp/public/500.html (500 Internal Server Error)


Processing EventsController#index (for 76.104.24.98 at 2009-08-20 05:14:24) [GET]
Rendering events/index

ActionView::TemplateError (example.com,thepochisuperstarmegashow.com) on line #3 of app/views/events/index.html.erb:
1: <html>
2: <head>
3:   <%= GMap.header %>
4:   <%= @map.to_html %>
5: </head>
6: <title></title>

    app/views/events/index.html.erb:3
    passenger (2.2.4) lib/phusion_passenger/rack/request_handler.rb:91:in `process_request'
    passenger (2.2.4) lib/phusion_passenger/abstract_request_handler.rb:206:in `main_loop'
    passenger (2.2.4) lib/phusion_passenger/railz/application_spawner.rb:376:in `start_request_handler'
    passenger (2.2.4) lib/phusion_passenger/railz/application_spawner.rb:334:in `handle_spawn_application'
    passenger (2.2.4) lib/phusion_passenger/utils.rb:182:in `safe_fork'
    passenger (2.2.4) lib/phusion_passenger/railz/application_spawner.rb:332:in `handle_spawn_application'
    passenger (2.2.4) lib/phusion_passenger/abstract_server.rb:351:in `__send__'
    passenger (2.2.4) lib/phusion_passenger/abstract_server.rb:351:in `main_loop'
    passenger (2.2.4) lib/phusion_passenger/abstract_server.rb:195:in `start_synchronously'
    passenger (2.2.4) lib/phusion_passenger/abstract_server.rb:162:in `start'
    passenger (2.2.4) lib/phusion_passenger/railz/application_spawner.rb:213:in `start'
    passenger (2.2.4) lib/phusion_passenger/spawn_manager.rb:261:in `spawn_rails_application'
    passenger (2.2.4) lib/phusion_passenger/abstract_server_collection.rb:126:in `lookup_or_add'
    passenger (2.2.4) lib/phusion_passenger/spawn_manager.rb:255:in `spawn_rails_application'
    passenger (2.2.4) lib/phusion_passenger/abstract_server_collection.rb:80:in `synchronize'
    passenger (2.2.4) lib/phusion_passenger/abstract_server_collection.rb:79:in `synchronize'
    passenger (2.2.4) lib/phusion_passenger/spawn_manager.rb:254:in `spawn_rails_application'
    passenger (2.2.4) lib/phusion_passenger/spawn_manager.rb:153:in `spawn_application'
    passenger (2.2.4) lib/phusion_passenger/spawn_manager.rb:286:in `handle_spawn_application'
    passenger (2.2.4) lib/phusion_passenger/abstract_server.rb:351:in `__send__'
    passenger (2.2.4) lib/phusion_passenger/abstract_server.rb:351:in `main_loop'
    passenger (2.2.4) lib/phusion_passenger/abstract_server.rb:195:in `start_synchronously'

Rendering /home/john/public_html/frids-backend-webapp/public/500.html (500 Internal Server Error)


Processing EventsController#index (for 76.104.24.98 at 2009-08-20 05:14:25) [GET]
Rendering events/index

ActionView::TemplateError (example.com,thepochisuperstarmegashow.com) on line #3 of app/views/events/index.html.erb:
1: <html>
2: <head>
3:   <%= GMap.header %>
4:   <%= @map.to_html %>
5: </head>
6: <title></title>

    app/views/events/index.html.erb:3
    passenger (2.2.4) lib/phusion_passenger/rack/request_handler.rb:91:in `process_request'
    passenger (2.2.4) lib/phusion_passenger/abstract_request_handler.rb:206:in `main_loop'
    passenger (2.2.4) lib/phusion_passenger/railz/application_spawner.rb:376:in `start_request_handler'
    passenger (2.2.4) lib/phusion_passenger/railz/application_spawner.rb:334:in `handle_spawn_application'
    passenger (2.2.4) lib/phusion_passenger/utils.rb:182:in `safe_fork'
    passenger (2.2.4) lib/phusion_passenger/railz/application_spawner.rb:332:in `handle_spawn_application'
    passenger (2.2.4) lib/phusion_passenger/abstract_server.rb:351:in `__send__'
    passenger (2.2.4) lib/phusion_passenger/abstract_server.rb:351:in `main_loop'
    passenger (2.2.4) lib/phusion_passenger/abstract_server.rb:195:in `start_synchronously'
    passenger (2.2.4) lib/phusion_passenger/abstract_server.rb:162:in `start'
    passenger (2.2.4) lib/phusion_passenger/railz/application_spawner.rb:213:in `start'
    passenger (2.2.4) lib/phusion_passenger/spawn_manager.rb:261:in `spawn_rails_application'
    passenger (2.2.4) lib/phusion_passenger/abstract_server_collection.rb:126:in `lookup_or_add'
    passenger (2.2.4) lib/phusion_passenger/spawn_manager.rb:255:in `spawn_rails_application'
    passenger (2.2.4) lib/phusion_passenger/abstract_server_collection.rb:80:in `synchronize'
    passenger (2.2.4) lib/phusion_passenger/abstract_server_collection.rb:79:in `synchronize'
    passenger (2.2.4) lib/phusion_passenger/spawn_manager.rb:254:in `spawn_rails_application'
    passenger (2.2.4) lib/phusion_passenger/spawn_manager.rb:153:in `spawn_application'
    passenger (2.2.4) lib/phusion_passenger/spawn_manager.rb:286:in `handle_spawn_application'
    passenger (2.2.4) lib/phusion_passenger/abstract_server.rb:351:in `__send__'
    passenger (2.2.4) lib/phusion_passenger/abstract_server.rb:351:in `main_loop'
    passenger (2.2.4) lib/phusion_passenger/abstract_server.rb:195:in `start_synchronously'

Rendering /home/john/public_html/frids-backend-webapp/public/500.html (500 Internal Server Error)


Processing EventsController#index (for 76.104.24.98 at 2009-08-20 05:16:49) [GET]
Rendering events/index
Completed in 40ms (View: 4, DB: 0) | 200 OK [http://slice.boostrot.net/events]


Processing EventsController#index (for 76.104.24.98 at 2009-08-20 05:17:44) [GET]
Rendering events/index
Completed in 8ms (View: 0, DB: 0) | 200 OK [http://slice.boostrot.net/events]


Processing EventsController#index (for 76.104.24.98 at 2009-08-20 05:17:56) [GET]
Rendering events/index
Completed in 32ms (View: 4, DB: 0) | 200 OK [http://slice.boostrot.net/events]


Processing EventsController#index (for 76.104.24.98 at 2009-08-20 05:19:34) [GET]
Rendering events/index
Completed in 8ms (View: 0, DB: 4) | 200 OK [http://slice.boostrot.net/events]


Processing EventsController#index (for 76.104.24.98 at 2009-08-20 05:19:41) [GET]
Rendering events/index
Completed in 32ms (View: 4, DB: 0) | 200 OK [http://slice.boostrot.net/events]


Processing EventsController#index (for 76.104.24.98 at 2009-08-20 05:51:06) [GET]
Rendering events/index
Completed in 44ms (View: 0, DB: 8) | 200 OK [http://slice.boostrot.net/events]


Processing LocationsController#index (for 76.104.24.98 at 2009-08-20 05:51:12) [GET]
Rendering locations/index
Completed in 8ms (View: 0, DB: 4) | 200 OK [http://slice.boostrot.net/locations]


Processing LocationsController#index (for 76.104.24.98 at 2009-08-20 05:52:29) [GET]
Rendering locations/index
Completed in 44ms (View: 4, DB: 0) | 200 OK [http://slice.boostrot.net/locations]


Processing EventsController#index (for 76.104.24.98 at 2009-08-20 05:52:32) [GET]
Rendering events/index
Completed in 12ms (View: 4, DB: 0) | 200 OK [http://slice.boostrot.net/events]


Processing LinesController#index (for 76.104.24.98 at 2009-08-20 05:52:36) [GET]
Rendering lines/index
Completed in 8ms (View: 0, DB: 0) | 200 OK [http://slice.boostrot.net/lines]


Processing LinesController#index (for 76.104.24.98 at 2009-08-20 05:53:59) [GET]
Rendering lines/index
Completed in 12ms (View: 4, DB: 4) | 200 OK [http://slice.boostrot.net/lines]


Processing LinesController#index (for 76.104.24.98 at 2009-08-20 05:57:25) [GET]
Rendering lines/index
Completed in 12ms (View: 0, DB: 0) | 200 OK [http://slice.boostrot.net/lines]


Processing LinesController#index (for 76.104.24.98 at 2009-08-20 05:57:49) [GET]
Rendering lines/index
Completed in 12ms (View: 4, DB: 4) | 200 OK [http://slice.boostrot.net/lines]


Processing TaxMapsController#index (for 76.104.24.98 at 2009-08-20 05:57:54) [GET]
Rendering tax_maps/index
Completed in 64ms (View: 20, DB: 20) | 200 OK [http://slice.boostrot.net/tax_maps]


Processing LocationsController#index (for 76.104.24.98 at 2009-08-20 05:58:01) [GET]
Rendering locations/index
Completed in 8ms (View: 0, DB: 0) | 200 OK [http://slice.boostrot.net/locations]


Processing LocationsController#index (for 76.104.24.98 at 2009-08-20 05:58:16) [GET]
Rendering locations/index
Completed in 44ms (View: 36, DB: 8) | 200 OK [http://slice.boostrot.net/locations]


Processing LocationsController#index (for 76.104.24.98 at 2009-08-20 05:58:21) [GET]
Rendering locations/index
Completed in 1076ms (View: 24, DB: 1044) | 200 OK [http://slice.boostrot.net/locations]


Processing LocationsController#index (for 76.104.24.98 at 2009-08-20 05:58:25) [GET]
Rendering locations/index
Completed in 60ms (View: 24, DB: 32) | 200 OK [http://slice.boostrot.net/locations]


Processing LocationsController#index (for 76.104.24.98 at 2009-08-20 05:58:28) [GET]
Rendering locations/index
Completed in 56ms (View: 24, DB: 28) | 200 OK [http://slice.boostrot.net/locations]


Processing LocationsController#index (for 76.104.24.98 at 2009-08-20 05:58:30) [GET]
Rendering locations/index
Completed in 72ms (View: 48, DB: 16) | 200 OK [http://slice.boostrot.net/locations]


Processing LocationsController#index (for 76.104.24.98 at 2009-08-20 05:58:32) [GET]
Rendering locations/index
Completed in 228ms (View: 32, DB: 180) | 200 OK [http://slice.boostrot.net/locations]


Processing LocationsController#index (for 76.104.24.98 at 2009-08-20 05:58:33) [GET]
Rendering locations/index
Completed in 84ms (View: 48, DB: 32) | 200 OK [http://slice.boostrot.net/locations]


Processing LocationsController#index (for 76.104.24.98 at 2009-08-20 05:58:37) [GET]
Rendering locations/index
Completed in 96ms (View: 68, DB: 20) | 200 OK [http://slice.boostrot.net/locations]


Processing LocationsController#index (for 76.104.24.98 at 2009-08-20 05:58:41) [GET]
  Parameters: {"page"=>"2"}
Rendering locations/index
Completed in 32ms (View: 20, DB: 8) | 200 OK [http://slice.boostrot.net/locations?page=2]


Processing LocationsController#index (for 76.104.24.98 at 2009-08-20 05:58:42) [GET]
  Parameters: {"page"=>"1"}
Rendering locations/index
Completed in 1108ms (View: 64, DB: 1032) | 200 OK [http://slice.boostrot.net/locations?page=1]


Processing LocationsController#index (for 76.104.24.98 at 2009-08-20 05:58:45) [GET]
  Parameters: {"page"=>"2"}
Rendering locations/index
Completed in 68ms (View: 36, DB: 24) | 200 OK [http://slice.boostrot.net/locations?page=2]


Processing EventsController#index (for 76.104.24.98 at 2009-08-20 05:58:51) [GET]
Rendering events/index
Completed in 200ms (View: 16, DB: 0) | 200 OK [http://slice.boostrot.net/events]


Processing EventsController#index (for 76.104.24.98 at 2009-08-20 05:58:55) [GET]
  Parameters: {"page"=>"2"}
Rendering events/index
Completed in 212ms (View: 16, DB: 0) | 200 OK [http://slice.boostrot.net/events?page=2]


Processing EventsController#index (for 76.104.24.98 at 2009-08-20 05:59:51) [GET]
  Parameters: {"page"=>"2"}
Rendering events/index
Completed in 92ms (View: 16, DB: 0) | 200 OK [http://slice.boostrot.net/events?page=2]


Processing EventsController#index (for 76.104.24.98 at 2009-08-20 06:00:10) [GET]
Rendering events/index
Completed in 168ms (View: 16, DB: 0) | 200 OK [http://slice.boostrot.net/events]


Processing EventsController#index (for 76.104.24.98 at 2009-08-20 06:00:21) [GET]
Rendering events/index
Completed in 168ms (View: 12, DB: 0) | 200 OK [http://slice.boostrot.net/events]


Processing EventsController#index (for 76.104.24.98 at 2009-08-20 06:03:54) [GET]
Rendering events/index
Completed in 244ms (View: 60, DB: 0) | 200 OK [http://slice.boostrot.net/events]


Processing EventsController#index (for 76.104.24.98 at 2009-08-20 06:04:17) [GET]

ActiveRecord::StatementInvalid (SQLite3::SQLException: SQL logic error or missing database: SELECT DISTINCT "events".id FROM "events"  LEFT OUTER JOIN "locations" ON "locations".id = "events".location_id WHERE (locations.status IN ('VALID','APPROXIMATE'))  ORDER BY event_datetime DESC LIMIT 10 OFFSET 0):
  /usr/lib/ruby/gems/1.8/gems/mislav-will_paginate-2.3.11/lib/will_paginate/finder.rb:82:in `send'
  /usr/lib/ruby/gems/1.8/gems/mislav-will_paginate-2.3.11/lib/will_paginate/finder.rb:82:in `paginate'
  /usr/lib/ruby/gems/1.8/gems/mislav-will_paginate-2.3.11/lib/will_paginate/collection.rb:87:in `create'
  /usr/lib/ruby/gems/1.8/gems/mislav-will_paginate-2.3.11/lib/will_paginate/finder.rb:76:in `paginate'
  app/controllers/events_controller.rb:4:in `index'
  passenger (2.2.4) lib/phusion_passenger/rack/request_handler.rb:91:in `process_request'
  passenger (2.2.4) lib/phusion_passenger/abstract_request_handler.rb:206:in `main_loop'
  passenger (2.2.4) lib/phusion_passenger/railz/application_spawner.rb:376:in `start_request_handler'
  passenger (2.2.4) lib/phusion_passenger/railz/application_spawner.rb:334:in `handle_spawn_application'
  passenger (2.2.4) lib/phusion_passenger/utils.rb:182:in `safe_fork'
  passenger (2.2.4) lib/phusion_passenger/railz/application_spawner.rb:332:in `handle_spawn_application'
  passenger (2.2.4) lib/phusion_passenger/abstract_server.rb:351:in `__send__'
  passenger (2.2.4) lib/phusion_passenger/abstract_server.rb:351:in `main_loop'
  passenger (2.2.4) lib/phusion_passenger/abstract_server.rb:195:in `start_synchronously'
  passenger (2.2.4) lib/phusion_passenger/abstract_server.rb:162:in `start'
  passenger (2.2.4) lib/phusion_passenger/railz/application_spawner.rb:213:in `start'
  passenger (2.2.4) lib/phusion_passenger/spawn_manager.rb:261:in `spawn_rails_application'
  passenger (2.2.4) lib/phusion_passenger/abstract_server_collection.rb:126:in `lookup_or_add'
  passenger (2.2.4) lib/phusion_passenger/spawn_manager.rb:255:in `spawn_rails_application'
  passenger (2.2.4) lib/phusion_passenger/abstract_server_collection.rb:80:in `synchronize'
  passenger (2.2.4) lib/phusion_passenger/abstract_server_collection.rb:79:in `synchronize'
  passenger (2.2.4) lib/phusion_passenger/spawn_manager.rb:254:in `spawn_rails_application'
  passenger (2.2.4) lib/phusion_passenger/spawn_manager.rb:153:in `spawn_application'
  passenger (2.2.4) lib/phusion_passenger/spawn_manager.rb:286:in `handle_spawn_application'
  passenger (2.2.4) lib/phusion_passenger/abstract_server.rb:351:in `__send__'
  passenger (2.2.4) lib/phusion_passenger/abstract_server.rb:351:in `main_loop'
  passenger (2.2.4) lib/phusion_passenger/abstract_server.rb:195:in `start_synchronously'

Rendering /home/john/public_html/frids-backend-webapp/public/500.html (500 Internal Server Error)


Processing EventsController#index (for 76.104.24.98 at 2009-08-20 06:04:19) [GET]

ActiveRecord::StatementInvalid (SQLite3::SQLException: no such table: events: SELECT DISTINCT "events".id FROM "events"  LEFT OUTER JOIN "locations" ON "locations".id = "events".location_id WHERE (locations.status IN ('VALID','APPROXIMATE'))  ORDER BY event_datetime DESC LIMIT 10 OFFSET 0):
  /usr/lib/ruby/gems/1.8/gems/mislav-will_paginate-2.3.11/lib/will_paginate/finder.rb:82:in `send'
  /usr/lib/ruby/gems/1.8/gems/mislav-will_paginate-2.3.11/lib/will_paginate/finder.rb:82:in `paginate'
  /usr/lib/ruby/gems/1.8/gems/mislav-will_paginate-2.3.11/lib/will_paginate/collection.rb:87:in `create'
  /usr/lib/ruby/gems/1.8/gems/mislav-will_paginate-2.3.11/lib/will_paginate/finder.rb:76:in `paginate'
  app/controllers/events_controller.rb:4:in `index'
  passenger (2.2.4) lib/phusion_passenger/rack/request_handler.rb:91:in `process_request'
  passenger (2.2.4) lib/phusion_passenger/abstract_request_handler.rb:206:in `main_loop'
  passenger (2.2.4) lib/phusion_passenger/railz/application_spawner.rb:376:in `start_request_handler'
  passenger (2.2.4) lib/phusion_passenger/railz/application_spawner.rb:334:in `handle_spawn_application'
  passenger (2.2.4) lib/phusion_passenger/utils.rb:182:in `safe_fork'
  passenger (2.2.4) lib/phusion_passenger/railz/application_spawner.rb:332:in `handle_spawn_application'
  passenger (2.2.4) lib/phusion_passenger/abstract_server.rb:351:in `__send__'
  passenger (2.2.4) lib/phusion_passenger/abstract_server.rb:351:in `main_loop'
  passenger (2.2.4) lib/phusion_passenger/abstract_server.rb:195:in `start_synchronously'
  passenger (2.2.4) lib/phusion_passenger/abstract_server.rb:162:in `start'
  passenger (2.2.4) lib/phusion_passenger/railz/application_spawner.rb:213:in `start'
  passenger (2.2.4) lib/phusion_passenger/spawn_manager.rb:261:in `spawn_rails_application'
  passenger (2.2.4) lib/phusion_passenger/abstract_server_collection.rb:126:in `lookup_or_add'
  passenger (2.2.4) lib/phusion_passenger/spawn_manager.rb:255:in `spawn_rails_application'
  passenger (2.2.4) lib/phusion_passenger/abstract_server_collection.rb:80:in `synchronize'
  passenger (2.2.4) lib/phusion_passenger/abstract_server_collection.rb:79:in `synchronize'
  passenger (2.2.4) lib/phusion_passenger/spawn_manager.rb:254:in `spawn_rails_application'
  passenger (2.2.4) lib/phusion_passenger/spawn_manager.rb:153:in `spawn_application'
  passenger (2.2.4) lib/phusion_passenger/spawn_manager.rb:286:in `handle_spawn_application'
  passenger (2.2.4) lib/phusion_passenger/abstract_server.rb:351:in `__send__'
  passenger (2.2.4) lib/phusion_passenger/abstract_server.rb:351:in `main_loop'
  passenger (2.2.4) lib/phusion_passenger/abstract_server.rb:195:in `start_synchronously'

Rendering /home/john/public_html/frids-backend-webapp/public/500.html (500 Internal Server Error)


Processing EventsController#index (for 76.104.24.98 at 2009-08-20 06:04:28) [GET]

ActiveRecord::StatementInvalid (SQLite3::SQLException: no such table: events: SELECT DISTINCT "events".id FROM "events"  LEFT OUTER JOIN "locations" ON "locations".id = "events".location_id WHERE (locations.status IN ('VALID','APPROXIMATE'))  ORDER BY event_datetime DESC LIMIT 10 OFFSET 0):
  /usr/lib/ruby/gems/1.8/gems/mislav-will_paginate-2.3.11/lib/will_paginate/finder.rb:82:in `send'
  /usr/lib/ruby/gems/1.8/gems/mislav-will_paginate-2.3.11/lib/will_paginate/finder.rb:82:in `paginate'
  /usr/lib/ruby/gems/1.8/gems/mislav-will_paginate-2.3.11/lib/will_paginate/collection.rb:87:in `create'
  /usr/lib/ruby/gems/1.8/gems/mislav-will_paginate-2.3.11/lib/will_paginate/finder.rb:76:in `paginate'
  app/controllers/events_controller.rb:4:in `index'
  passenger (2.2.4) lib/phusion_passenger/rack/request_handler.rb:91:in `process_request'
  passenger (2.2.4) lib/phusion_passenger/abstract_request_handler.rb:206:in `main_loop'
  passenger (2.2.4) lib/phusion_passenger/railz/application_spawner.rb:376:in `start_request_handler'
  passenger (2.2.4) lib/phusion_passenger/railz/application_spawner.rb:334:in `handle_spawn_application'
  passenger (2.2.4) lib/phusion_passenger/utils.rb:182:in `safe_fork'
  passenger (2.2.4) lib/phusion_passenger/railz/application_spawner.rb:332:in `handle_spawn_application'
  passenger (2.2.4) lib/phusion_passenger/abstract_server.rb:351:in `__send__'
  passenger (2.2.4) lib/phusion_passenger/abstract_server.rb:351:in `main_loop'
  passenger (2.2.4) lib/phusion_passenger/abstract_server.rb:195:in `start_synchronously'
  passenger (2.2.4) lib/phusion_passenger/abstract_server.rb:162:in `start'
  passenger (2.2.4) lib/phusion_passenger/railz/application_spawner.rb:213:in `start'
  passenger (2.2.4) lib/phusion_passenger/spawn_manager.rb:261:in `spawn_rails_application'
  passenger (2.2.4) lib/phusion_passenger/abstract_server_collection.rb:126:in `lookup_or_add'
  passenger (2.2.4) lib/phusion_passenger/spawn_manager.rb:255:in `spawn_rails_application'
  passenger (2.2.4) lib/phusion_passenger/abstract_server_collection.rb:80:in `synchronize'
  passenger (2.2.4) lib/phusion_passenger/abstract_server_collection.rb:79:in `synchronize'
  passenger (2.2.4) lib/phusion_passenger/spawn_manager.rb:254:in `spawn_rails_application'
  passenger (2.2.4) lib/phusion_passenger/spawn_manager.rb:153:in `spawn_application'
  passenger (2.2.4) lib/phusion_passenger/spawn_manager.rb:286:in `handle_spawn_application'
  passenger (2.2.4) lib/phusion_passenger/abstract_server.rb:351:in `__send__'
  passenger (2.2.4) lib/phusion_passenger/abstract_server.rb:351:in `main_loop'
  passenger (2.2.4) lib/phusion_passenger/abstract_server.rb:195:in `start_synchronously'

Rendering /home/john/public_html/frids-backend-webapp/public/500.html (500 Internal Server Error)


Processing EventsController#index (for 76.104.24.98 at 2009-08-20 06:22:42) [GET]
Rendering events/index
Completed in 152ms (View: 4, DB: 0) | 200 OK [http://slice.boostrot.net/events]


Processing LinesController#index (for 76.104.24.98 at 2009-08-20 06:23:36) [GET]
Rendering lines/index
Completed in 428ms (View: 340, DB: 56) | 200 OK [http://slice.boostrot.net/lines]


Processing EventsController#index (for 76.104.24.98 at 2009-08-20 06:23:49) [GET]
Rendering events/index
Completed in 420ms (View: 52, DB: 0) | 200 OK [http://slice.boostrot.net/events]


Processing EventsController#index (for 76.104.24.98 at 2009-08-20 02:25:58) [GET]
Rendering events/index
Completed in 816ms (View: 16, DB: 0) | 200 OK [http://slice.boostrot.net/events]


Processing LinesController#index (for 76.104.24.98 at 2009-08-20 02:27:13) [GET]
Rendering lines/index
Completed in 100ms (View: 28, DB: 52) | 200 OK [http://slice.boostrot.net/lines]


Processing LinesController#index (for 76.104.24.98 at 2009-08-20 02:27:15) [GET]
Rendering lines/index
Completed in 60ms (View: 28, DB: 24) | 200 OK [http://slice.boostrot.net/lines]


Processing LinesController#index (for 76.104.24.98 at 2009-08-20 02:27:17) [GET]
Rendering lines/index
Completed in 60ms (View: 28, DB: 24) | 200 OK [http://slice.boostrot.net/lines]


Processing EventsController#index (for 76.104.24.98 at 2009-08-20 02:27:23) [GET]
Rendering events/index
Completed in 100ms (View: 12, DB: 0) | 200 OK [http://slice.boostrot.net/events]


Processing EventsController#index (for 76.104.24.98 at 2009-08-20 02:27:25) [GET]
Rendering events/index
Completed in 104ms (View: 12, DB: 0) | 200 OK [http://slice.boostrot.net/events]


Processing EventsController#index (for 76.104.24.98 at 2009-08-20 09:15:03) [GET]
Rendering events/index
Completed in 212ms (View: 20, DB: 0) | 200 OK [http://slice.boostrot.net/events]


Processing LocationsController#index (for 76.104.24.98 at 2009-08-20 09:30:36) [GET]
Rendering locations/index
Completed in 236ms (View: 108, DB: 108) | 200 OK [http://slice.boostrot.net/locations]


Processing LocationsController#index (for 76.104.24.98 at 2009-08-20 09:30:39) [GET]
  Parameters: {"page"=>"2"}
Rendering locations/index
Completed in 116ms (View: 52, DB: 52) | 200 OK [http://slice.boostrot.net/locations?page=2]


Processing LocationsController#index (for 76.104.24.98 at 2009-08-20 09:30:42) [GET]
  Parameters: {"page"=>"3"}
Rendering locations/index
Completed in 16ms (View: 12, DB: 4) | 200 OK [http://slice.boostrot.net/locations?page=3]


Processing LocationsController#index (for 76.104.24.98 at 2009-08-20 09:30:44) [GET]
  Parameters: {"page"=>"2"}
Rendering locations/index
Completed in 92ms (View: 56, DB: 28) | 200 OK [http://slice.boostrot.net/locations?page=2]


Processing LocationsController#index (for 76.104.24.98 at 2009-08-20 09:30:46) [GET]
  Parameters: {"page"=>"1"}
Rendering locations/index
Completed in 212ms (View: 68, DB: 140) | 200 OK [http://slice.boostrot.net/locations?page=1]


Processing EventsController#index (for 76.104.24.98 at 2009-08-20 10:51:42) [GET]
Rendering events/index
Completed in 224ms (View: 20, DB: 0) | 200 OK [http://slice.boostrot.net/events]


Processing EventsController#index (for 76.104.24.98 at 2009-08-20 10:55:24) [GET]
Rendering events/index
Completed in 88ms (View: 16, DB: 0) | 200 OK [http://slice.boostrot.net/events]


Processing EventsController#index (for 76.104.24.98 at 2009-08-20 11:13:55) [GET]
Rendering events/index
Completed in 216ms (View: 16, DB: 0) | 200 OK [http://slice.boostrot.net/events]


Processing EventsController#index (for 76.104.24.98 at 2009-08-20 11:23:33) [GET]
Rendering events/index
Completed in 204ms (View: 20, DB: 0) | 200 OK [http://slice.boostrot.net/events]


Processing EventsController#index (for 76.104.24.98 at 2009-08-20 13:23:43) [GET]
Rendering events/index
Completed in 48ms (View: 4, DB: 36) | 200 OK [http://slice.boostrot.net/events]


Processing EventsController#index (for 76.104.24.98 at 2009-08-20 13:25:18) [GET]
Rendering events/index
Completed in 8ms (View: 0, DB: 0) | 200 OK [http://slice.boostrot.net/events]


Processing TaxMapsController#index (for 76.104.24.98 at 2009-08-20 13:25:24) [GET]
Rendering tax_maps/index
Completed in 52ms (View: 20, DB: 20) | 200 OK [http://slice.boostrot.net/tax_maps]


Processing LocationsController#index (for 76.104.24.98 at 2009-08-20 13:25:29) [GET]
Rendering locations/index
Completed in 8ms (View: 4, DB: 0) | 200 OK [http://slice.boostrot.net/locations]


Processing LinesController#index (for 76.104.24.98 at 2009-08-20 13:25:38) [GET]
Rendering lines/index
Completed in 80ms (View: 68, DB: 0) | 200 OK [http://slice.boostrot.net/lines]


Processing LinesController#index (for 76.104.24.98 at 2009-08-20 13:25:46) [GET]
  Parameters: {"page"=>"2"}
Rendering lines/index
Completed in 32ms (View: 24, DB: 4) | 200 OK [http://slice.boostrot.net/lines?page=2]


Processing LinesController#index (for 76.104.24.98 at 2009-08-20 13:25:48) [GET]
  Parameters: {"page"=>"3"}
Rendering lines/index
Completed in 40ms (View: 32, DB: 4) | 200 OK [http://slice.boostrot.net/lines?page=3]


Processing LinesController#index (for 76.104.24.98 at 2009-08-20 13:25:51) [GET]
  Parameters: {"page"=>"4"}
Rendering lines/index
Completed in 20ms (View: 16, DB: 0) | 200 OK [http://slice.boostrot.net/lines?page=4]


Processing LocationsController#index (for 76.104.24.98 at 2009-08-20 13:26:21) [GET]
Rendering locations/index
Completed in 48ms (View: 48, DB: 0) | 200 OK [http://slice.boostrot.net/locations]


Processing LocationsController#index (for 76.104.24.98 at 2009-08-20 13:27:50) [GET]
Rendering locations/index
Completed in 56ms (View: 48, DB: 4) | 200 OK [http://slice.boostrot.net/locations]


Processing LocationsController#index (for 76.104.24.98 at 2009-08-20 13:28:06) [GET]
Rendering locations/index
Completed in 624ms (View: 620, DB: 0) | 200 OK [http://slice.boostrot.net/locations]


Processing LocationsController#index (for 76.104.24.98 at 2009-08-20 13:28:13) [GET]
  Parameters: {"page"=>"2"}
Rendering locations/index
Completed in 40ms (View: 32, DB: 8) | 200 OK [http://slice.boostrot.net/locations?page=2]


Processing LocationsController#index (for 76.104.24.98 at 2009-08-20 13:28:15) [GET]
  Parameters: {"page"=>"1"}
Rendering locations/index
Completed in 52ms (View: 48, DB: 0) | 200 OK [http://slice.boostrot.net/locations?page=1]


Processing EventsController#index (for 76.104.24.98 at 2009-08-20 18:40:45) [GET]
Rendering events/index
Completed in 276ms (View: 16, DB: 0) | 200 OK [http://slice.boostrot.net/events]


Processing EventsController#index (for 76.104.24.98 at 2009-08-20 19:06:24) [GET]
Rendering events/index
Completed in 156ms (View: 20, DB: 0) | 200 OK [http://slice.boostrot.net/events]


Processing EventsController#index (for 64.111.110.23 at 2009-08-20 19:41:03) [GET]
Completed in 268ms (View: 0, DB: 8) | 200 OK [http://slice.boostrot.net/events]


Processing EventsController#index (for 64.111.110.23 at 2009-08-20 19:41:04) [GET]
Completed in 300ms (View: 4, DB: 0) | 200 OK [http://slice.boostrot.net/events]


Processing EventsController#index (for 76.104.24.98 at 2009-08-20 19:41:21) [GET]
Rendering events/index
Completed in 72ms (View: 20, DB: 0) | 200 OK [http://slice.boostrot.net/events]


Processing EventsController#index (for 76.104.24.98 at 2009-08-20 19:41:29) [GET]
  Parameters: {"page"=>"2"}
Rendering events/index
Completed in 64ms (View: 16, DB: 0) | 200 OK [http://slice.boostrot.net/events?page=2]


Processing EventsController#index (for 76.104.24.98 at 2009-08-20 19:41:31) [GET]
  Parameters: {"page"=>"3"}
Rendering events/index
Completed in 84ms (View: 16, DB: 0) | 200 OK [http://slice.boostrot.net/events?page=3]


Processing EventsController#index (for 76.104.24.98 at 2009-08-20 19:41:33) [GET]
  Parameters: {"page"=>"4"}
Rendering events/index
Completed in 64ms (View: 16, DB: 0) | 200 OK [http://slice.boostrot.net/events?page=4]


Processing EventsController#index (for 76.104.24.98 at 2009-08-20 19:41:34) [GET]
  Parameters: {"page"=>"5"}
Rendering events/index
Completed in 64ms (View: 16, DB: 0) | 200 OK [http://slice.boostrot.net/events?page=5]


Processing EventsController#index (for 76.104.24.98 at 2009-08-20 19:41:36) [GET]
  Parameters: {"page"=>"1"}
Rendering events/index
Completed in 60ms (View: 12, DB: 0) | 200 OK [http://slice.boostrot.net/events?page=1]


Processing EventsController#index (for 206.53.153.105 at 2009-08-20 19:49:15) [GET]
Rendering events/index
Completed in 64ms (View: 12, DB: 0) | 200 OK [http://slice.boostrot.net/events]


Processing EventsController#index (for 71.51.2.147 at 2009-08-20 20:04:57) [GET]
Rendering events/index
Completed in 196ms (View: 16, DB: 0) | 200 OK [http://slice.boostrot.net/events]


Processing EventsController#index (for 67.163.126.98 at 2009-08-20 20:07:20) [GET]
Rendering events/index
Completed in 72ms (View: 16, DB: 0) | 200 OK [http://slice.boostrot.net/events]


Processing EventsController#index (for 76.104.24.98 at 2009-08-20 20:28:18) [GET]
  Parameters: {"page"=>"1"}
Rendering events/index
Completed in 160ms (View: 20, DB: 0) | 200 OK [http://slice.boostrot.net/events?page=1]


Processing EventsController#index (for 76.104.24.98 at 2009-08-20 20:31:08) [GET]
  Parameters: {"page"=>"2"}
Rendering events/index
Completed in 84ms (View: 12, DB: 0) | 200 OK [http://slice.boostrot.net/events?page=2]


Processing EventsController#index (for 76.104.24.98 at 2009-08-20 20:31:11) [GET]
  Parameters: {"page"=>"1"}
Rendering events/index
Completed in 64ms (View: 16, DB: 0) | 200 OK [http://slice.boostrot.net/events?page=1]


Processing EventsController#show (for 76.104.24.98 at 2009-08-20 20:31:19) [GET]
  Parameters: {"id"=>"71"}
Rendering events/show
Completed in 12ms (View: 4, DB: 0) | 200 OK [http://slice.boostrot.net/events/71]


Processing EventsController#show (for 76.104.24.98 at 2009-08-20 20:31:22) [GET]
  Parameters: {"id"=>"70"}
Rendering events/show
Completed in 8ms (View: 0, DB: 0) | 200 OK [http://slice.boostrot.net/events/70]


Processing LinesController#show (for 76.104.24.98 at 2009-08-20 20:31:25) [GET]
  Parameters: {"id"=>"136"}
Rendering lines/show
Completed in 24ms (View: 4, DB: 8) | 200 OK [http://slice.boostrot.net/lines/136]


Processing EventsController#show (for 76.104.24.98 at 2009-08-20 20:31:30) [GET]
  Parameters: {"id"=>"69"}
Rendering events/show
Completed in 12ms (View: 4, DB: 0) | 200 OK [http://slice.boostrot.net/events/69]


Processing EventsController#show (for 76.104.24.98 at 2009-08-20 20:31:35) [GET]
  Parameters: {"id"=>"68"}
Rendering events/show
Completed in 12ms (View: 4, DB: 0) | 200 OK [http://slice.boostrot.net/events/68]


Processing EventsController#index (for 76.104.24.98 at 2009-08-20 21:00:22) [GET]
  Parameters: {"page"=>"1"}
Rendering events/index
Completed in 164ms (View: 20, DB: 0) | 200 OK [http://slice.boostrot.net/events?page=1]


Processing EventsController#index (for 76.104.24.98 at 2009-08-20 21:06:42) [GET]
Rendering events/index
Completed in 68ms (View: 16, DB: 0) | 200 OK [http://slice.boostrot.net/events]


Processing EventsController#show (for 76.104.24.98 at 2009-08-20 21:06:49) [GET]
  Parameters: {"id"=>"72"}
Rendering events/show
Completed in 12ms (View: 8, DB: 0) | 200 OK [http://slice.boostrot.net/events/72]


Processing EventsController#index (for 76.104.24.98 at 2009-08-20 21:15:51) [GET]
Rendering events/index
Completed in 184ms (View: 20, DB: 0) | 200 OK [http://slice.boostrot.net/events]


Processing EventsController#index (for 76.104.24.98 at 2009-08-20 21:17:11) [GET]
Rendering events/index
Completed in 68ms (View: 16, DB: 0) | 200 OK [http://slice.boostrot.net/events]


Processing EventsController#index (for 76.104.24.98 at 2009-08-20 21:18:19) [GET]
Rendering events/index
Completed in 104ms (View: 16, DB: 0) | 200 OK [http://slice.boostrot.net/events]


Processing EventsController#show (for 76.104.24.98 at 2009-08-20 21:19:24) [GET]
  Parameters: {"id"=>"73"}
Rendering events/show
Completed in 172ms (View: 140, DB: 12) | 200 OK [http://slice.boostrot.net/events/73]


Processing EventsController#index (for 76.104.24.98 at 2009-08-20 21:20:18) [GET]
Rendering events/index
Completed in 124ms (View: 16, DB: 0) | 200 OK [http://slice.boostrot.net/events]


Processing EventsController#index (for 76.104.24.98 at 2009-08-20 21:25:34) [GET]
Rendering events/index
Completed in 844ms (View: 12, DB: 0) | 200 OK [http://slice.boostrot.net/events]


Processing EventsController#index (for 76.104.24.98 at 2009-08-20 21:25:38) [GET]
Rendering events/index
Completed in 68ms (View: 16, DB: 0) | 200 OK [http://slice.boostrot.net/events]


Processing EventsController#index (for 76.104.24.98 at 2009-08-20 21:27:39) [GET]
Rendering events/index
Completed in 60ms (View: 16, DB: 0) | 200 OK [http://slice.boostrot.net/events]


Processing EventsController#index (for 76.104.24.98 at 2009-08-20 21:30:30) [GET]
Rendering events/index
Completed in 76ms (View: 12, DB: 0) | 200 OK [http://slice.boostrot.net/events]


Processing EventsController#index (for 76.104.24.98 at 2009-08-20 21:30:39) [GET]
  Parameters: {"page"=>"2"}
Rendering events/index
Completed in 76ms (View: 16, DB: 0) | 200 OK [http://slice.boostrot.net/events?page=2]


Processing EventsController#index (for 76.104.24.98 at 2009-08-20 21:30:42) [GET]
  Parameters: {"page"=>"3"}
Rendering events/index
Completed in 60ms (View: 12, DB: 0) | 200 OK [http://slice.boostrot.net/events?page=3]


Processing EventsController#index (for 76.104.24.98 at 2009-08-20 21:30:44) [GET]
  Parameters: {"page"=>"2"}
Rendering events/index
Completed in 68ms (View: 16, DB: 0) | 200 OK [http://slice.boostrot.net/events?page=2]


Processing EventsController#index (for 76.104.24.98 at 2009-08-20 21:30:45) [GET]
  Parameters: {"page"=>"1"}
Rendering events/index
Completed in 64ms (View: 16, DB: 0) | 200 OK [http://slice.boostrot.net/events?page=1]


Processing EventsController#index (for 76.104.24.98 at 2009-08-20 21:35:53) [GET]
  Parameters: {"page"=>"1"}
Rendering events/index
Completed in 160ms (View: 12, DB: 0) | 200 OK [http://slice.boostrot.net/events?page=1]


Processing EventsController#index (for 24.125.35.191 at 2009-08-20 21:41:57) [GET]
Rendering events/index
Completed in 68ms (View: 12, DB: 0) | 200 OK [http://slice.boostrot.net/events]


Processing EventsController#index (for 69.34.32.169 at 2009-08-20 23:03:28) [GET]
Rendering events/index
Completed in 148ms (View: 16, DB: 0) | 200 OK [http://slice.boostrot.net/events]


Processing EventsController#index (for 76.104.24.98 at 2009-08-20 23:22:10) [GET]
Rendering events/index
Completed in 144ms (View: 16, DB: 0) | 200 OK [http://slice.boostrot.net/events]


Processing EventsController#index (for 76.104.24.98 at 2009-08-20 23:22:20) [GET]
Rendering events/index
Completed in 60ms (View: 12, DB: 0) | 200 OK [http://slice.boostrot.net/events]


Processing EventsController#index (for 66.249.68.135 at 2009-08-21 01:30:21) [GET]
Completed in 292ms (View: 0, DB: 12) | 200 OK [http://slice.boostrot.net/events]


Processing EventsController#index (for 76.104.24.98 at 2009-08-21 02:20:20) [GET]
Rendering events/index
Completed in 168ms (View: 24, DB: 0) | 200 OK [http://slice.boostrot.net/events]


Processing EventsController#index (for 76.104.24.98 at 2009-08-21 02:21:21) [GET]
Rendering events/index
Completed in 148ms (View: 20, DB: 0) | 200 OK [http://www.cvillemaps.com/events]


Processing EventsController#index (for 76.104.24.98 at 2009-08-21 02:21:26) [GET]
Rendering events/index
Completed in 72ms (View: 16, DB: 0) | 200 OK [http://slice.boostrot.net/events]


Processing EventsController#index (for 76.104.24.98 at 2009-08-21 02:23:29) [GET]
Rendering events/index

ActionView::TemplateError (boostrot.net,cvillemaps.com) on line #3 of app/views/events/index.html.erb:
1: <html>
2: <head>
3:   <%= GMap.header %>
4:   <%= @map.to_html %>
5: </head>
6: <title></title>

    app/views/events/index.html.erb:3
    passenger (2.2.4) lib/phusion_passenger/rack/request_handler.rb:91:in `process_request'
    passenger (2.2.4) lib/phusion_passenger/abstract_request_handler.rb:206:in `main_loop'
    passenger (2.2.4) lib/phusion_passenger/railz/application_spawner.rb:376:in `start_request_handler'
    passenger (2.2.4) lib/phusion_passenger/railz/application_spawner.rb:334:in `handle_spawn_application'
    passenger (2.2.4) lib/phusion_passenger/utils.rb:182:in `safe_fork'
    passenger (2.2.4) lib/phusion_passenger/railz/application_spawner.rb:332:in `handle_spawn_application'
    passenger (2.2.4) lib/phusion_passenger/abstract_server.rb:351:in `__send__'
    passenger (2.2.4) lib/phusion_passenger/abstract_server.rb:351:in `main_loop'
    passenger (2.2.4) lib/phusion_passenger/abstract_server.rb:195:in `start_synchronously'
    passenger (2.2.4) lib/phusion_passenger/abstract_server.rb:162:in `start'
    passenger (2.2.4) lib/phusion_passenger/railz/application_spawner.rb:213:in `start'
    passenger (2.2.4) lib/phusion_passenger/spawn_manager.rb:261:in `spawn_rails_application'
    passenger (2.2.4) lib/phusion_passenger/abstract_server_collection.rb:126:in `lookup_or_add'
    passenger (2.2.4) lib/phusion_passenger/spawn_manager.rb:255:in `spawn_rails_application'
    passenger (2.2.4) lib/phusion_passenger/abstract_server_collection.rb:80:in `synchronize'
    passenger (2.2.4) lib/phusion_passenger/abstract_server_collection.rb:79:in `synchronize'
    passenger (2.2.4) lib/phusion_passenger/spawn_manager.rb:254:in `spawn_rails_application'
    passenger (2.2.4) lib/phusion_passenger/spawn_manager.rb:153:in `spawn_application'
    passenger (2.2.4) lib/phusion_passenger/spawn_manager.rb:286:in `handle_spawn_application'
    passenger (2.2.4) lib/phusion_passenger/abstract_server.rb:351:in `__send__'
    passenger (2.2.4) lib/phusion_passenger/abstract_server.rb:351:in `main_loop'
    passenger (2.2.4) lib/phusion_passenger/abstract_server.rb:195:in `start_synchronously'

Rendering /home/john/public_html/frids-backend-webapp/public/500.html (500 Internal Server Error)


Processing EventsController#index (for 76.104.24.98 at 2009-08-21 02:23:32) [GET]
Rendering events/index

ActionView::TemplateError (boostrot.net,cvillemaps.com) on line #3 of app/views/events/index.html.erb:
1: <html>
2: <head>
3:   <%= GMap.header %>
4:   <%= @map.to_html %>
5: </head>
6: <title></title>

    app/views/events/index.html.erb:3
    passenger (2.2.4) lib/phusion_passenger/rack/request_handler.rb:91:in `process_request'
    passenger (2.2.4) lib/phusion_passenger/abstract_request_handler.rb:206:in `main_loop'
    passenger (2.2.4) lib/phusion_passenger/railz/application_spawner.rb:376:in `start_request_handler'
    passenger (2.2.4) lib/phusion_passenger/railz/application_spawner.rb:334:in `handle_spawn_application'
    passenger (2.2.4) lib/phusion_passenger/utils.rb:182:in `safe_fork'
    passenger (2.2.4) lib/phusion_passenger/railz/application_spawner.rb:332:in `handle_spawn_application'
    passenger (2.2.4) lib/phusion_passenger/abstract_server.rb:351:in `__send__'
    passenger (2.2.4) lib/phusion_passenger/abstract_server.rb:351:in `main_loop'
    passenger (2.2.4) lib/phusion_passenger/abstract_server.rb:195:in `start_synchronously'
    passenger (2.2.4) lib/phusion_passenger/abstract_server.rb:162:in `start'
    passenger (2.2.4) lib/phusion_passenger/railz/application_spawner.rb:213:in `start'
    passenger (2.2.4) lib/phusion_passenger/spawn_manager.rb:261:in `spawn_rails_application'
    passenger (2.2.4) lib/phusion_passenger/abstract_server_collection.rb:126:in `lookup_or_add'
    passenger (2.2.4) lib/phusion_passenger/spawn_manager.rb:255:in `spawn_rails_application'
    passenger (2.2.4) lib/phusion_passenger/abstract_server_collection.rb:80:in `synchronize'
    passenger (2.2.4) lib/phusion_passenger/abstract_server_collection.rb:79:in `synchronize'
    passenger (2.2.4) lib/phusion_passenger/spawn_manager.rb:254:in `spawn_rails_application'
    passenger (2.2.4) lib/phusion_passenger/spawn_manager.rb:153:in `spawn_application'
    passenger (2.2.4) lib/phusion_passenger/spawn_manager.rb:286:in `handle_spawn_application'
    passenger (2.2.4) lib/phusion_passenger/abstract_server.rb:351:in `__send__'
    passenger (2.2.4) lib/phusion_passenger/abstract_server.rb:351:in `main_loop'
    passenger (2.2.4) lib/phusion_passenger/abstract_server.rb:195:in `start_synchronously'

Rendering /home/john/public_html/frids-backend-webapp/public/500.html (500 Internal Server Error)


Processing EventsController#index (for 76.104.24.98 at 2009-08-21 02:23:33) [GET]
Rendering events/index

ActionView::TemplateError (boostrot.net,cvillemaps.com) on line #3 of app/views/events/index.html.erb:
1: <html>
2: <head>
3:   <%= GMap.header %>
4:   <%= @map.to_html %>
5: </head>
6: <title></title>

    app/views/events/index.html.erb:3
    passenger (2.2.4) lib/phusion_passenger/rack/request_handler.rb:91:in `process_request'
    passenger (2.2.4) lib/phusion_passenger/abstract_request_handler.rb:206:in `main_loop'
    passenger (2.2.4) lib/phusion_passenger/railz/application_spawner.rb:376:in `start_request_handler'
    passenger (2.2.4) lib/phusion_passenger/railz/application_spawner.rb:334:in `handle_spawn_application'
    passenger (2.2.4) lib/phusion_passenger/utils.rb:182:in `safe_fork'
    passenger (2.2.4) lib/phusion_passenger/railz/application_spawner.rb:332:in `handle_spawn_application'
    passenger (2.2.4) lib/phusion_passenger/abstract_server.rb:351:in `__send__'
    passenger (2.2.4) lib/phusion_passenger/abstract_server.rb:351:in `main_loop'
    passenger (2.2.4) lib/phusion_passenger/abstract_server.rb:195:in `start_synchronously'
    passenger (2.2.4) lib/phusion_passenger/abstract_server.rb:162:in `start'
    passenger (2.2.4) lib/phusion_passenger/railz/application_spawner.rb:213:in `start'
    passenger (2.2.4) lib/phusion_passenger/spawn_manager.rb:261:in `spawn_rails_application'
    passenger (2.2.4) lib/phusion_passenger/abstract_server_collection.rb:126:in `lookup_or_add'
    passenger (2.2.4) lib/phusion_passenger/spawn_manager.rb:255:in `spawn_rails_application'
    passenger (2.2.4) lib/phusion_passenger/abstract_server_collection.rb:80:in `synchronize'
    passenger (2.2.4) lib/phusion_passenger/abstract_server_collection.rb:79:in `synchronize'
    passenger (2.2.4) lib/phusion_passenger/spawn_manager.rb:254:in `spawn_rails_application'
    passenger (2.2.4) lib/phusion_passenger/spawn_manager.rb:153:in `spawn_application'
    passenger (2.2.4) lib/phusion_passenger/spawn_manager.rb:286:in `handle_spawn_application'
    passenger (2.2.4) lib/phusion_passenger/abstract_server.rb:351:in `__send__'
    passenger (2.2.4) lib/phusion_passenger/abstract_server.rb:351:in `main_loop'
    passenger (2.2.4) lib/phusion_passenger/abstract_server.rb:195:in `start_synchronously'

Rendering /home/john/public_html/frids-backend-webapp/public/500.html (500 Internal Server Error)


Processing EventsController#index (for 76.104.24.98 at 2009-08-21 02:23:42) [GET]
Rendering events/index

ActionView::TemplateError (boostrot.net,cvillemaps.com) on line #3 of app/views/events/index.html.erb:
1: <html>
2: <head>
3:   <%= GMap.header %>
4:   <%= @map.to_html %>
5: </head>
6: <title></title>

    app/views/events/index.html.erb:3
    passenger (2.2.4) lib/phusion_passenger/rack/request_handler.rb:91:in `process_request'
    passenger (2.2.4) lib/phusion_passenger/abstract_request_handler.rb:206:in `main_loop'
    passenger (2.2.4) lib/phusion_passenger/railz/application_spawner.rb:376:in `start_request_handler'
    passenger (2.2.4) lib/phusion_passenger/railz/application_spawner.rb:334:in `handle_spawn_application'
    passenger (2.2.4) lib/phusion_passenger/utils.rb:182:in `safe_fork'
    passenger (2.2.4) lib/phusion_passenger/railz/application_spawner.rb:332:in `handle_spawn_application'
    passenger (2.2.4) lib/phusion_passenger/abstract_server.rb:351:in `__send__'
    passenger (2.2.4) lib/phusion_passenger/abstract_server.rb:351:in `main_loop'
    passenger (2.2.4) lib/phusion_passenger/abstract_server.rb:195:in `start_synchronously'
    passenger (2.2.4) lib/phusion_passenger/abstract_server.rb:162:in `start'
    passenger (2.2.4) lib/phusion_passenger/railz/application_spawner.rb:213:in `start'
    passenger (2.2.4) lib/phusion_passenger/spawn_manager.rb:261:in `spawn_rails_application'
    passenger (2.2.4) lib/phusion_passenger/abstract_server_collection.rb:126:in `lookup_or_add'
    passenger (2.2.4) lib/phusion_passenger/spawn_manager.rb:255:in `spawn_rails_application'
    passenger (2.2.4) lib/phusion_passenger/abstract_server_collection.rb:80:in `synchronize'
    passenger (2.2.4) lib/phusion_passenger/abstract_server_collection.rb:79:in `synchronize'
    passenger (2.2.4) lib/phusion_passenger/spawn_manager.rb:254:in `spawn_rails_application'
    passenger (2.2.4) lib/phusion_passenger/spawn_manager.rb:153:in `spawn_application'
    passenger (2.2.4) lib/phusion_passenger/spawn_manager.rb:286:in `handle_spawn_application'
    passenger (2.2.4) lib/phusion_passenger/abstract_server.rb:351:in `__send__'
    passenger (2.2.4) lib/phusion_passenger/abstract_server.rb:351:in `main_loop'
    passenger (2.2.4) lib/phusion_passenger/abstract_server.rb:195:in `start_synchronously'

Rendering /home/john/public_html/frids-backend-webapp/public/500.html (500 Internal Server Error)


Processing EventsController#index (for 76.104.24.98 at 2009-08-21 02:25:24) [GET]
Rendering events/index

ActionView::TemplateError (boostrot.net,cvillemaps.com) on line #3 of app/views/events/index.html.erb:
1: <html>
2: <head>
3:   <%= GMap.header %>
4:   <%= @map.to_html %>
5: </head>
6: <title></title>

    app/views/events/index.html.erb:3
    passenger (2.2.4) lib/phusion_passenger/rack/request_handler.rb:91:in `process_request'
    passenger (2.2.4) lib/phusion_passenger/abstract_request_handler.rb:206:in `main_loop'
    passenger (2.2.4) lib/phusion_passenger/railz/application_spawner.rb:376:in `start_request_handler'
    passenger (2.2.4) lib/phusion_passenger/railz/application_spawner.rb:334:in `handle_spawn_application'
    passenger (2.2.4) lib/phusion_passenger/utils.rb:182:in `safe_fork'
    passenger (2.2.4) lib/phusion_passenger/railz/application_spawner.rb:332:in `handle_spawn_application'
    passenger (2.2.4) lib/phusion_passenger/abstract_server.rb:351:in `__send__'
    passenger (2.2.4) lib/phusion_passenger/abstract_server.rb:351:in `main_loop'
    passenger (2.2.4) lib/phusion_passenger/abstract_server.rb:195:in `start_synchronously'
    passenger (2.2.4) lib/phusion_passenger/abstract_server.rb:162:in `start'
    passenger (2.2.4) lib/phusion_passenger/railz/application_spawner.rb:213:in `start'
    passenger (2.2.4) lib/phusion_passenger/spawn_manager.rb:261:in `spawn_rails_application'
    passenger (2.2.4) lib/phusion_passenger/abstract_server_collection.rb:126:in `lookup_or_add'
    passenger (2.2.4) lib/phusion_passenger/spawn_manager.rb:255:in `spawn_rails_application'
    passenger (2.2.4) lib/phusion_passenger/abstract_server_collection.rb:80:in `synchronize'
    passenger (2.2.4) lib/phusion_passenger/abstract_server_collection.rb:79:in `synchronize'
    passenger (2.2.4) lib/phusion_passenger/spawn_manager.rb:254:in `spawn_rails_application'
    passenger (2.2.4) lib/phusion_passenger/spawn_manager.rb:153:in `spawn_application'
    passenger (2.2.4) lib/phusion_passenger/spawn_manager.rb:286:in `handle_spawn_application'
    passenger (2.2.4) lib/phusion_passenger/abstract_server.rb:351:in `__send__'
    passenger (2.2.4) lib/phusion_passenger/abstract_server.rb:351:in `main_loop'
    passenger (2.2.4) lib/phusion_passenger/abstract_server.rb:195:in `start_synchronously'

Rendering /home/john/public_html/frids-backend-webapp/public/500.html (500 Internal Server Error)


Processing EventsController#index (for 76.104.24.98 at 2009-08-21 02:25:59) [GET]
Rendering events/index

ActionView::TemplateError (boostrot.net,cvillemaps.com) on line #3 of app/views/events/index.html.erb:
1: <html>
2: <head>
3:   <%= GMap.header %>
4:   <%= @map.to_html %>
5: </head>
6: <title></title>

    app/views/events/index.html.erb:3
    passenger (2.2.4) lib/phusion_passenger/rack/request_handler.rb:91:in `process_request'
    passenger (2.2.4) lib/phusion_passenger/abstract_request_handler.rb:206:in `main_loop'
    passenger (2.2.4) lib/phusion_passenger/railz/application_spawner.rb:376:in `start_request_handler'
    passenger (2.2.4) lib/phusion_passenger/railz/application_spawner.rb:334:in `handle_spawn_application'
    passenger (2.2.4) lib/phusion_passenger/utils.rb:182:in `safe_fork'
    passenger (2.2.4) lib/phusion_passenger/railz/application_spawner.rb:332:in `handle_spawn_application'
    passenger (2.2.4) lib/phusion_passenger/abstract_server.rb:351:in `__send__'
    passenger (2.2.4) lib/phusion_passenger/abstract_server.rb:351:in `main_loop'
    passenger (2.2.4) lib/phusion_passenger/abstract_server.rb:195:in `start_synchronously'
    passenger (2.2.4) lib/phusion_passenger/abstract_server.rb:162:in `start'
    passenger (2.2.4) lib/phusion_passenger/railz/application_spawner.rb:213:in `start'
    passenger (2.2.4) lib/phusion_passenger/spawn_manager.rb:261:in `spawn_rails_application'
    passenger (2.2.4) lib/phusion_passenger/abstract_server_collection.rb:126:in `lookup_or_add'
    passenger (2.2.4) lib/phusion_passenger/spawn_manager.rb:255:in `spawn_rails_application'
    passenger (2.2.4) lib/phusion_passenger/abstract_server_collection.rb:80:in `synchronize'
    passenger (2.2.4) lib/phusion_passenger/abstract_server_collection.rb:79:in `synchronize'
    passenger (2.2.4) lib/phusion_passenger/spawn_manager.rb:254:in `spawn_rails_application'
    passenger (2.2.4) lib/phusion_passenger/spawn_manager.rb:153:in `spawn_application'
    passenger (2.2.4) lib/phusion_passenger/spawn_manager.rb:286:in `handle_spawn_application'
    passenger (2.2.4) lib/phusion_passenger/abstract_server.rb:351:in `__send__'
    passenger (2.2.4) lib/phusion_passenger/abstract_server.rb:351:in `main_loop'
    passenger (2.2.4) lib/phusion_passenger/abstract_server.rb:195:in `start_synchronously'

Rendering /home/john/public_html/frids-backend-webapp/public/500.html (500 Internal Server Error)


Processing EventsController#index (for 76.104.24.98 at 2009-08-21 02:26:00) [GET]
Rendering events/index

ActionView::TemplateError (boostrot.net,cvillemaps.com) on line #3 of app/views/events/index.html.erb:
1: <html>
2: <head>
3:   <%= GMap.header %>
4:   <%= @map.to_html %>
5: </head>
6: <title></title>

    app/views/events/index.html.erb:3
    passenger (2.2.4) lib/phusion_passenger/rack/request_handler.rb:91:in `process_request'
    passenger (2.2.4) lib/phusion_passenger/abstract_request_handler.rb:206:in `main_loop'
    passenger (2.2.4) lib/phusion_passenger/railz/application_spawner.rb:376:in `start_request_handler'
    passenger (2.2.4) lib/phusion_passenger/railz/application_spawner.rb:334:in `handle_spawn_application'
    passenger (2.2.4) lib/phusion_passenger/utils.rb:182:in `safe_fork'
    passenger (2.2.4) lib/phusion_passenger/railz/application_spawner.rb:332:in `handle_spawn_application'
    passenger (2.2.4) lib/phusion_passenger/abstract_server.rb:351:in `__send__'
    passenger (2.2.4) lib/phusion_passenger/abstract_server.rb:351:in `main_loop'
    passenger (2.2.4) lib/phusion_passenger/abstract_server.rb:195:in `start_synchronously'
    passenger (2.2.4) lib/phusion_passenger/abstract_server.rb:162:in `start'
    passenger (2.2.4) lib/phusion_passenger/railz/application_spawner.rb:213:in `start'
    passenger (2.2.4) lib/phusion_passenger/spawn_manager.rb:261:in `spawn_rails_application'
    passenger (2.2.4) lib/phusion_passenger/abstract_server_collection.rb:126:in `lookup_or_add'
    passenger (2.2.4) lib/phusion_passenger/spawn_manager.rb:255:in `spawn_rails_application'
    passenger (2.2.4) lib/phusion_passenger/abstract_server_collection.rb:80:in `synchronize'
    passenger (2.2.4) lib/phusion_passenger/abstract_server_collection.rb:79:in `synchronize'
    passenger (2.2.4) lib/phusion_passenger/spawn_manager.rb:254:in `spawn_rails_application'
    passenger (2.2.4) lib/phusion_passenger/spawn_manager.rb:153:in `spawn_application'
    passenger (2.2.4) lib/phusion_passenger/spawn_manager.rb:286:in `handle_spawn_application'
    passenger (2.2.4) lib/phusion_passenger/abstract_server.rb:351:in `__send__'
    passenger (2.2.4) lib/phusion_passenger/abstract_server.rb:351:in `main_loop'
    passenger (2.2.4) lib/phusion_passenger/abstract_server.rb:195:in `start_synchronously'

Rendering /home/john/public_html/frids-backend-webapp/public/500.html (500 Internal Server Error)


Processing EventsController#index (for 76.104.24.98 at 2009-08-21 02:26:08) [GET]
Rendering events/index

ActionView::TemplateError (boostrot.net,cvillemaps.com) on line #3 of app/views/events/index.html.erb:
1: <html>
2: <head>
3:   <%= GMap.header %>
4:   <%= @map.to_html %>
5: </head>
6: <title></title>

    app/views/events/index.html.erb:3
    passenger (2.2.4) lib/phusion_passenger/rack/request_handler.rb:91:in `process_request'
    passenger (2.2.4) lib/phusion_passenger/abstract_request_handler.rb:206:in `main_loop'
    passenger (2.2.4) lib/phusion_passenger/railz/application_spawner.rb:376:in `start_request_handler'
    passenger (2.2.4) lib/phusion_passenger/railz/application_spawner.rb:334:in `handle_spawn_application'
    passenger (2.2.4) lib/phusion_passenger/utils.rb:182:in `safe_fork'
    passenger (2.2.4) lib/phusion_passenger/railz/application_spawner.rb:332:in `handle_spawn_application'
    passenger (2.2.4) lib/phusion_passenger/abstract_server.rb:351:in `__send__'
    passenger (2.2.4) lib/phusion_passenger/abstract_server.rb:351:in `main_loop'
    passenger (2.2.4) lib/phusion_passenger/abstract_server.rb:195:in `start_synchronously'
    passenger (2.2.4) lib/phusion_passenger/abstract_server.rb:162:in `start'
    passenger (2.2.4) lib/phusion_passenger/railz/application_spawner.rb:213:in `start'
    passenger (2.2.4) lib/phusion_passenger/spawn_manager.rb:261:in `spawn_rails_application'
    passenger (2.2.4) lib/phusion_passenger/abstract_server_collection.rb:126:in `lookup_or_add'
    passenger (2.2.4) lib/phusion_passenger/spawn_manager.rb:255:in `spawn_rails_application'
    passenger (2.2.4) lib/phusion_passenger/abstract_server_collection.rb:80:in `synchronize'
    passenger (2.2.4) lib/phusion_passenger/abstract_server_collection.rb:79:in `synchronize'
    passenger (2.2.4) lib/phusion_passenger/spawn_manager.rb:254:in `spawn_rails_application'
    passenger (2.2.4) lib/phusion_passenger/spawn_manager.rb:153:in `spawn_application'
    passenger (2.2.4) lib/phusion_passenger/spawn_manager.rb:286:in `handle_spawn_application'
    passenger (2.2.4) lib/phusion_passenger/abstract_server.rb:351:in `__send__'
    passenger (2.2.4) lib/phusion_passenger/abstract_server.rb:351:in `main_loop'
    passenger (2.2.4) lib/phusion_passenger/abstract_server.rb:195:in `start_synchronously'

Rendering /home/john/public_html/frids-backend-webapp/public/500.html (500 Internal Server Error)


Processing EventsController#index (for 76.104.24.98 at 2009-08-21 02:26:09) [GET]
Rendering events/index

ActionView::TemplateError (boostrot.net,cvillemaps.com) on line #3 of app/views/events/index.html.erb:
1: <html>
2: <head>
3:   <%= GMap.header %>
4:   <%= @map.to_html %>
5: </head>
6: <title></title>

    app/views/events/index.html.erb:3
    passenger (2.2.4) lib/phusion_passenger/rack/request_handler.rb:91:in `process_request'
    passenger (2.2.4) lib/phusion_passenger/abstract_request_handler.rb:206:in `main_loop'
    passenger (2.2.4) lib/phusion_passenger/railz/application_spawner.rb:376:in `start_request_handler'
    passenger (2.2.4) lib/phusion_passenger/railz/application_spawner.rb:334:in `handle_spawn_application'
    passenger (2.2.4) lib/phusion_passenger/utils.rb:182:in `safe_fork'
    passenger (2.2.4) lib/phusion_passenger/railz/application_spawner.rb:332:in `handle_spawn_application'
    passenger (2.2.4) lib/phusion_passenger/abstract_server.rb:351:in `__send__'
    passenger (2.2.4) lib/phusion_passenger/abstract_server.rb:351:in `main_loop'
    passenger (2.2.4) lib/phusion_passenger/abstract_server.rb:195:in `start_synchronously'
    passenger (2.2.4) lib/phusion_passenger/abstract_server.rb:162:in `start'
    passenger (2.2.4) lib/phusion_passenger/railz/application_spawner.rb:213:in `start'
    passenger (2.2.4) lib/phusion_passenger/spawn_manager.rb:261:in `spawn_rails_application'
    passenger (2.2.4) lib/phusion_passenger/abstract_server_collection.rb:126:in `lookup_or_add'
    passenger (2.2.4) lib/phusion_passenger/spawn_manager.rb:255:in `spawn_rails_application'
    passenger (2.2.4) lib/phusion_passenger/abstract_server_collection.rb:80:in `synchronize'
    passenger (2.2.4) lib/phusion_passenger/abstract_server_collection.rb:79:in `synchronize'
    passenger (2.2.4) lib/phusion_passenger/spawn_manager.rb:254:in `spawn_rails_application'
    passenger (2.2.4) lib/phusion_passenger/spawn_manager.rb:153:in `spawn_application'
    passenger (2.2.4) lib/phusion_passenger/spawn_manager.rb:286:in `handle_spawn_application'
    passenger (2.2.4) lib/phusion_passenger/abstract_server.rb:351:in `__send__'
    passenger (2.2.4) lib/phusion_passenger/abstract_server.rb:351:in `main_loop'
    passenger (2.2.4) lib/phusion_passenger/abstract_server.rb:195:in `start_synchronously'

Rendering /home/john/public_html/frids-backend-webapp/public/500.html (500 Internal Server Error)


Processing EventsController#index (for 76.104.24.98 at 2009-08-21 02:26:10) [GET]
Rendering events/index

ActionView::TemplateError (boostrot.net,cvillemaps.com) on line #3 of app/views/events/index.html.erb:
1: <html>
2: <head>
3:   <%= GMap.header %>
4:   <%= @map.to_html %>
5: </head>
6: <title></title>

    app/views/events/index.html.erb:3
    passenger (2.2.4) lib/phusion_passenger/rack/request_handler.rb:91:in `process_request'
    passenger (2.2.4) lib/phusion_passenger/abstract_request_handler.rb:206:in `main_loop'
    passenger (2.2.4) lib/phusion_passenger/railz/application_spawner.rb:376:in `start_request_handler'
    passenger (2.2.4) lib/phusion_passenger/railz/application_spawner.rb:334:in `handle_spawn_application'
    passenger (2.2.4) lib/phusion_passenger/utils.rb:182:in `safe_fork'
    passenger (2.2.4) lib/phusion_passenger/railz/application_spawner.rb:332:in `handle_spawn_application'
    passenger (2.2.4) lib/phusion_passenger/abstract_server.rb:351:in `__send__'
    passenger (2.2.4) lib/phusion_passenger/abstract_server.rb:351:in `main_loop'
    passenger (2.2.4) lib/phusion_passenger/abstract_server.rb:195:in `start_synchronously'
    passenger (2.2.4) lib/phusion_passenger/abstract_server.rb:162:in `start'
    passenger (2.2.4) lib/phusion_passenger/railz/application_spawner.rb:213:in `start'
    passenger (2.2.4) lib/phusion_passenger/spawn_manager.rb:261:in `spawn_rails_application'
    passenger (2.2.4) lib/phusion_passenger/abstract_server_collection.rb:126:in `lookup_or_add'
    passenger (2.2.4) lib/phusion_passenger/spawn_manager.rb:255:in `spawn_rails_application'
    passenger (2.2.4) lib/phusion_passenger/abstract_server_collection.rb:80:in `synchronize'
    passenger (2.2.4) lib/phusion_passenger/abstract_server_collection.rb:79:in `synchronize'
    passenger (2.2.4) lib/phusion_passenger/spawn_manager.rb:254:in `spawn_rails_application'
    passenger (2.2.4) lib/phusion_passenger/spawn_manager.rb:153:in `spawn_application'
    passenger (2.2.4) lib/phusion_passenger/spawn_manager.rb:286:in `handle_spawn_application'
    passenger (2.2.4) lib/phusion_passenger/abstract_server.rb:351:in `__send__'
    passenger (2.2.4) lib/phusion_passenger/abstract_server.rb:351:in `main_loop'
    passenger (2.2.4) lib/phusion_passenger/abstract_server.rb:195:in `start_synchronously'

Rendering /home/john/public_html/frids-backend-webapp/public/500.html (500 Internal Server Error)


Processing EventsController#index (for 76.104.24.98 at 2009-08-21 02:29:06) [GET]
Rendering events/index
Completed in 144ms (View: 16, DB: 0) | 200 OK [http://slice.boostrot.net/events]


Processing EventsController#index (for 76.104.24.98 at 2009-08-21 02:29:13) [GET]
Rendering events/index
Completed in 72ms (View: 16, DB: 0) | 200 OK [http://www.cvillemaps.com/events]


Processing EventsController#index (for 76.104.24.98 at 2009-08-21 02:30:08) [GET]
Rendering events/index
Completed in 148ms (View: 20, DB: 0) | 200 OK [http://slice.boostrot.net/events]


Processing EventsController#index (for 76.104.24.98 at 2009-08-21 02:30:11) [GET]
Rendering events/index
Completed in 56ms (View: 12, DB: 0) | 200 OK [http://www.cvillemaps.com/events]
